c:\development\git\proiectmaster\development_project\deepqnetwork\deepqnetworknative\x64\release\deepqnetworknative.pch
c:\development\git\proiectmaster\development_project\deepqnetwork\deepqnetworknative\x64\release\vc142.pdb
c:\development\git\proiectmaster\development_project\deepqnetwork\deepqnetworknative\x64\release\pch.obj
c:\development\git\proiectmaster\development_project\deepqnetwork\deepqnetworknative\x64\release\neuron.obj
c:\development\git\proiectmaster\development_project\deepqnetwork\deepqnetworknative\x64\release\neuralnetwork.obj
c:\development\git\proiectmaster\development_project\deepqnetwork\deepqnetworknative\x64\release\layoutneuralnetwork.obj
c:\development\git\proiectmaster\development_project\deepqnetwork\deepqnetworknative\x64\release\layoutdeepq.obj
c:\development\git\proiectmaster\development_project\deepqnetwork\deepqnetworknative\x64\release\deepq.obj
c:\development\git\proiectmaster\development_project\deepqnetwork\deepqnetworknative\x64\release\dllmain.obj
c:\development\git\proiectmaster\development_project\deepqnetwork\deepqnetworknative\x64\release\derivativefunctions.obj
c:\development\git\proiectmaster\development_project\deepqnetwork\deepqnetworknative\x64\release\activationfunctions.obj
c:\development\git\proiectmaster\development_project\deepqnetwork\x64\release\deepqnetworknative.lib
c:\development\git\proiectmaster\development_project\deepqnetwork\x64\release\deepqnetworknative.exp
c:\development\git\proiectmaster\development_project\deepqnetwork\x64\release\deepqnetworknative.dll
c:\development\git\proiectmaster\development_project\deepqnetwork\deepqnetworknative\x64\release\deepqnetworknative.ipdb
c:\development\git\proiectmaster\development_project\deepqnetwork\deepqnetworknative\x64\release\deepqnetworknative.iobj
c:\development\git\proiectmaster\development_project\deepqnetwork\x64\release\deepqnetworknative.pdb
c:\development\git\proiectmaster\development_project\deepqnetwork\deepqnetworknative\x64\release\deepqnet.b87be9c2.tlog\cl.command.1.tlog
c:\development\git\proiectmaster\development_project\deepqnetwork\deepqnetworknative\x64\release\deepqnet.b87be9c2.tlog\cl.read.1.tlog
c:\development\git\proiectmaster\development_project\deepqnetwork\deepqnetworknative\x64\release\deepqnet.b87be9c2.tlog\cl.write.1.tlog
c:\development\git\proiectmaster\development_project\deepqnetwork\deepqnetworknative\x64\release\deepqnet.b87be9c2.tlog\deepqnetworknative.write.1u.tlog
c:\development\git\proiectmaster\development_project\deepqnetwork\deepqnetworknative\x64\release\deepqnet.b87be9c2.tlog\link.command.1.tlog
c:\development\git\proiectmaster\development_project\deepqnetwork\deepqnetworknative\x64\release\deepqnet.b87be9c2.tlog\link.read.1.tlog
c:\development\git\proiectmaster\development_project\deepqnetwork\deepqnetworknative\x64\release\deepqnet.b87be9c2.tlog\link.write.1.tlog
