c:\development\git\proiectmaster\development_project\deepqnetwork\deepqnetworknative\x64\debug\deepqnetworknative.pch
c:\development\git\proiectmaster\development_project\deepqnetwork\deepqnetworknative\x64\debug\vc142.pdb
c:\development\git\proiectmaster\development_project\deepqnetwork\deepqnetworknative\x64\debug\vc142.idb
c:\development\git\proiectmaster\development_project\deepqnetwork\deepqnetworknative\x64\debug\pch.obj
c:\development\git\proiectmaster\development_project\deepqnetwork\deepqnetworknative\x64\debug\neuron.obj
c:\development\git\proiectmaster\development_project\deepqnetwork\deepqnetworknative\x64\debug\neuralnetworklayer.obj
c:\development\git\proiectmaster\development_project\deepqnetwork\deepqnetworknative\x64\debug\neuralnetwork.obj
c:\development\git\proiectmaster\development_project\deepqnetwork\deepqnetworknative\x64\debug\dqnbrain.obj
c:\development\git\proiectmaster\development_project\deepqnetwork\deepqnetworknative\x64\debug\dllmain.obj
c:\development\git\proiectmaster\development_project\deepqnetwork\x64\debug\deepqnetworknative.lib
c:\development\git\proiectmaster\development_project\deepqnetwork\x64\debug\deepqnetworknative.exp
c:\development\git\proiectmaster\development_project\deepqnetwork\deepqnetworknative\x64\debug\deepqnetworknative.ilk
c:\development\git\proiectmaster\development_project\deepqnetwork\x64\debug\deepqnetworknative.dll
c:\development\git\proiectmaster\development_project\deepqnetwork\x64\debug\deepqnetworknative.pdb
c:\development\git\proiectmaster\development_project\deepqnetwork\deepqnetworknative\x64\debug\deepqnet.b87be9c2.tlog\cl.command.1.tlog
c:\development\git\proiectmaster\development_project\deepqnetwork\deepqnetworknative\x64\debug\deepqnet.b87be9c2.tlog\cl.read.1.tlog
c:\development\git\proiectmaster\development_project\deepqnetwork\deepqnetworknative\x64\debug\deepqnet.b87be9c2.tlog\cl.write.1.tlog
c:\development\git\proiectmaster\development_project\deepqnetwork\deepqnetworknative\x64\debug\deepqnet.b87be9c2.tlog\deepqnetworknative.write.1u.tlog
c:\development\git\proiectmaster\development_project\deepqnetwork\deepqnetworknative\x64\debug\deepqnet.b87be9c2.tlog\link.command.1.tlog
c:\development\git\proiectmaster\development_project\deepqnetwork\deepqnetworknative\x64\debug\deepqnet.b87be9c2.tlog\link.read.1.tlog
c:\development\git\proiectmaster\development_project\deepqnetwork\deepqnetworknative\x64\debug\deepqnet.b87be9c2.tlog\link.write.1.tlog
