c:\development\git\proiectmaster\development_project\deepqnetwork\deepqnetworknative\debug\deepqnetworknative.pch
c:\development\git\proiectmaster\development_project\deepqnetwork\deepqnetworknative\debug\vc142.pdb
c:\development\git\proiectmaster\development_project\deepqnetwork\deepqnetworknative\debug\vc142.idb
c:\development\git\proiectmaster\development_project\deepqnetwork\deepqnetworknative\debug\pch.obj
c:\development\git\proiectmaster\development_project\deepqnetwork\deepqnetworknative\debug\neuron.obj
c:\development\git\proiectmaster\development_project\deepqnetwork\deepqnetworknative\debug\neuralnetwork.obj
c:\development\git\proiectmaster\development_project\deepqnetwork\deepqnetworknative\debug\layoutneuralnetwork.obj
c:\development\git\proiectmaster\development_project\deepqnetwork\deepqnetworknative\debug\layoutdeepq.obj
c:\development\git\proiectmaster\development_project\deepqnetwork\deepqnetworknative\debug\deepq.obj
c:\development\git\proiectmaster\development_project\deepqnetwork\deepqnetworknative\debug\dllmain.obj
c:\development\git\proiectmaster\development_project\deepqnetwork\deepqnetworknative\debug\derivativefunctions.obj
c:\development\git\proiectmaster\development_project\deepqnetwork\deepqnetworknative\debug\activationfunctions.obj
c:\development\git\proiectmaster\development_project\deepqnetwork\debug\deepqnetworknative.lib
c:\development\git\proiectmaster\development_project\deepqnetwork\debug\deepqnetworknative.exp
c:\development\git\proiectmaster\development_project\deepqnetwork\deepqnetworknative\debug\deepqnetworknative.ilk
c:\development\git\proiectmaster\development_project\deepqnetwork\debug\deepqnetworknative.dll
c:\development\git\proiectmaster\development_project\deepqnetwork\debug\deepqnetworknative.pdb
c:\development\git\proiectmaster\development_project\deepqnetwork\deepqnetworknative\debug\deepqnet.b87be9c2.tlog\cl.command.1.tlog
c:\development\git\proiectmaster\development_project\deepqnetwork\deepqnetworknative\debug\deepqnet.b87be9c2.tlog\cl.read.1.tlog
c:\development\git\proiectmaster\development_project\deepqnetwork\deepqnetworknative\debug\deepqnet.b87be9c2.tlog\cl.write.1.tlog
c:\development\git\proiectmaster\development_project\deepqnetwork\deepqnetworknative\debug\deepqnet.b87be9c2.tlog\deepqnetworknative.write.1u.tlog
c:\development\git\proiectmaster\development_project\deepqnetwork\deepqnetworknative\debug\deepqnet.b87be9c2.tlog\link.command.1.tlog
c:\development\git\proiectmaster\development_project\deepqnetwork\deepqnetworknative\debug\deepqnet.b87be9c2.tlog\link.read.1.tlog
c:\development\git\proiectmaster\development_project\deepqnetwork\deepqnetworknative\debug\deepqnet.b87be9c2.tlog\link.write.1.tlog
